<?xml version="1.0" encoding="UTF-8"?>
<!-- Generated by org.testng.reporters.JUnitReportReporter -->
<testsuite hostname="VIDHYA" failures="0" tests="1" name="OrangeHRM_TestCases.DashboardTestCase" time="34.113" errors="0" timestamp="2020-11-30T17:53:52 IST" skipped="0">
  <testcase classname="OrangeHRM_TestCases.DashboardTestCase" name="dashboardTimesheet" time="34.113"/>
  <system-out/>
</testsuite> <!-- OrangeHRM_TestCases.DashboardTestCase -->
