<?xml version="1.0" encoding="UTF-8"?>
<!-- Generated by org.testng.reporters.JUnitReportReporter -->
<testsuite hostname="VIDHYA" failures="0" tests="1" name="PageFactoryWithoutAnnotation.LoginWithoutAnnotation" time="26.815" errors="0" timestamp="2020-11-30T18:20:23 IST" skipped="0">
  <testcase classname="PageFactoryWithoutAnnotation.LoginWithoutAnnotation" name="login" time="26.815"/>
  <system-out/>
</testsuite> <!-- PageFactoryWithoutAnnotation.LoginWithoutAnnotation -->
